<?xml version="1.0" encoding="UTF-8"?>
<!-- Generated by org.testng.reporters.JUnitXMLReporter -->
<testsuite hostname="BOPRASAD-M-R1K9" ignored="0" name="Default test" tests="2" failures="0" timestamp="30 Apr 2019 16:31:53 GMT" time="0.393" errors="0">
  <testcase name="registerTest" time="0.063" classname="com.jaga.registerDemo.controller.RegisterControllerTest"/>
  <testcase name="registerTestException" time="0.002" classname="com.jaga.registerDemo.controller.RegisterControllerTest"/>
</testsuite> <!-- Default test -->
